<?xml version="1.0" encoding="UTF-8"?>
<!-- Generated by org.testng.reporters.JUnitXMLReporter -->
<testsuite ignored="0" hostname="EPINBANW01F6" failures="1" tests="3" name="ErrorValidationsTest" time="62.503" errors="0" timestamp="2025-04-28T16:38:38 IST">
  <testcase classname="maven_group.selemium_maven.tests.ErrorValidations" name="LoginErrorValidation" time="2.586">
    <skipped/>
  </testcase> <!-- LoginErrorValidation -->
  <testcase classname="maven_group.selemium_maven.tests.ErrorValidations" name="LoginErrorValidation" time="1.833">
    <failure type="java.lang.AssertionError" message="expected [Incorrect email or password.] but found [Incorrect email  password.]">
      <![CDATA[java.lang.AssertionError: expected [Incorrect email or password.] but found [Incorrect email  password.]
at maven_group.selemium_maven.tests.ErrorValidations.LoginErrorValidation(ErrorValidations.java:47)
at java.base/java.util.ArrayList.forEach(ArrayList.java:1511)
at java.base/java.util.concurrent.FutureTask.run(FutureTask.java:264)
at java.base/java.util.concurrent.ThreadPoolExecutor.runWorker(ThreadPoolExecutor.java:1130)
at java.base/java.util.concurrent.ThreadPoolExecutor$Worker.run(ThreadPoolExecutor.java:630)
at java.base/java.lang.Thread.run(Thread.java:831)
... Removed 23 stack frames]]>
    </failure>
  </testcase> <!-- LoginErrorValidation -->
  <testcase classname="maven_group.selemium_maven.tests.ErrorValidations" name="ProductErrorValidation" time="11.315"/>
</testsuite> <!-- ErrorValidationsTest -->
