<?xml version="1.0" encoding="UTF-8"?>
<!-- Generated by org.testng.reporters.JUnitXMLReporter -->
<testsuite ignored="0" hostname="EPINBANW01F6" failures="1" tests="2" name="ErrorValidationsTest" time="19.528" errors="0" timestamp="2025-04-25T17:42:33 IST">
  <testcase classname="maven_group.selemium_maven.tests.ErrorValidations" name="LoginErrorValidation" time="0.514">
    <failure type="java.lang.AssertionError" message="expected [Incorrect email or password.] but found [Incorrect email  password.]">
      <![CDATA[java.lang.AssertionError: expected [Incorrect email or password.] but found [Incorrect email  password.]
at maven_group.selemium_maven.tests.ErrorValidations.LoginErrorValidation(ErrorValidations.java:46)
at java.base/java.util.ArrayList.forEach(ArrayList.java:1541)
at java.base/java.util.concurrent.FutureTask.run(FutureTask.java:264)
at java.base/java.util.concurrent.ThreadPoolExecutor.runWorker(ThreadPoolExecutor.java:1128)
at java.base/java.util.concurrent.ThreadPoolExecutor$Worker.run(ThreadPoolExecutor.java:628)
at java.base/java.lang.Thread.run(Thread.java:834)
... Removed 23 stack frames]]>
    </failure>
  </testcase> <!-- LoginErrorValidation -->
  <testcase classname="maven_group.selemium_maven.tests.ErrorValidations" name="ProductErrorValidation" time="5.592"/>
</testsuite> <!-- ErrorValidationsTest -->
