<?xml version="1.0" encoding="UTF-8"?>
<!-- Generated by org.testng.reporters.JUnitXMLReporter -->
<testsuite ignored="0" hostname="EPINBANW01F6" failures="1" tests="2" name="Test" time="15.134" errors="0" timestamp="2025-04-24T15:39:22 IST">
  <testcase classname="maven_group.selemium_maven.tests.ErrorValidations" name="LoginErrorValidation" time="0.39">
    <failure type="java.lang.AssertionError" message="expected [Incorrect email or password.] but found [Incorrect email  password.]">
      <![CDATA[java.lang.AssertionError: expected [Incorrect email or password.] but found [Incorrect email  password.]
at maven_group.selemium_maven.tests.ErrorValidations.LoginErrorValidation(ErrorValidations.java:46)
at java.base/java.util.ArrayList.forEach(ArrayList.java:1541)
... Removed 37 stack frames]]>
    </failure>
  </testcase> <!-- LoginErrorValidation -->
  <testcase classname="maven_group.selemium_maven.tests.ErrorValidations" name="ProductErrorValidation" time="5.514"/>
</testsuite> <!-- Test -->
